{"logTime": "0920/184150", "correlationVector":"k+FKu3Eeiuncc3KMjLvFTg.1","action":"SyncServerConnectionManagerRequest", "result":"SYNC_SERVER_OK", "context":{"environment":"Prod_EastUS_000w", "migrationStage":"NotStarted", "server":"GENERAL0200001Y"}}
{"logTime": "0920/184150", "correlationVector":"8ONa0F2rvNCjVjtaZ2rYPE","action":"SyncServerConnectionManagerRequest", "result":"SYNC_SERVER_OK", "context":{"environment":"", "migrationStage":"", "server":""}}
{"logTime": "0920/184150", "correlationVector":"k+FKu3Eeiuncc3KMjLvFTg","action":"Initial GetUpdates", "result":"", "context":Reason: NEW_CLIENT. cV=k+FKu3Eeiuncc3KMjLvFTg}
{"logTime": "0920/184150", "correlationVector":"k+FKu3Eeiuncc3KMjLvFTg.2","action":"GetUpdates Response", "result":"Success", "context":Received 1 update(s). cV=k+FKu3Eeiuncc3KMjLvFTg.0;server=GENERAL0200001Y;cloudType=Consumer;environment=Prod_EastUS_000w;migrationStage=NotStarted}
{"logTime": "0920/184150", "correlationVector":"Uvd1qS4A77rWO5Aet+XFUA","action":"Initial GetUpdates", "result":"", "context":Reason: NEWLY_SUPPORTED_DATATYPE. cV=Uvd1qS4A77rWO5Aet+XFUA}
{"logTime": "0920/184151", "correlationVector":"Uvd1qS4A77rWO5Aet+XFUA.1","action":"SyncServerConnectionManagerRequest", "result":"SYNC_SERVER_OK", "context":{"environment":"Prod_EastUS_000w", "migrationStage":"NotStarted", "server":"GENERAL1100001X"}}
{"logTime": "0920/184151", "correlationVector":"Uvd1qS4A77rWO5Aet+XFUA.2","action":"GetUpdates Response", "result":"Success", "context":Received 29 update(s). cV=Uvd1qS4A77rWO5Aet+XFUA.0;server=GENERAL1100001X;cloudType=Consumer;environment=Prod_EastUS_000w;migrationStage=NotStarted}
{"logTime": "0920/184151", "correlationVector":"wOBWRCMYKrjf99Iivr2jFe","action":"Initial GetUpdates", "result":"", "context":Reason: NEWLY_SUPPORTED_DATATYPE. cV=wOBWRCMYKrjf99Iivr2jFe}
{"logTime": "0920/184151", "correlationVector":"wOBWRCMYKrjf99Iivr2jFe.1","action":"SyncServerConnectionManagerRequest", "result":"SYNC_SERVER_OK", "context":{"environment":"Prod_EastUS_000w", "migrationStage":"NotStarted", "server":"GENERAL1100002R"}}
{"logTime": "0920/184151", "correlationVector":"wOBWRCMYKrjf99Iivr2jFe.2","action":"GetUpdates Response", "result":"Success", "context":Received 5 update(s). cV=wOBWRCMYKrjf99Iivr2jFe.0;server=GENERAL1100002R;cloudType=Consumer;environment=Prod_EastUS_000w;migrationStage=NotStarted}
{"logTime": "0920/184151", "correlationVector":"RoxQ58hi+daef+AOigo7Wl","action":"Initial GetUpdates", "result":"", "context":Reason: NEWLY_SUPPORTED_DATATYPE. cV=RoxQ58hi+daef+AOigo7Wl}
{"logTime": "0920/184151", "correlationVector":"RoxQ58hi+daef+AOigo7Wl.1","action":"SyncServerConnectionManagerRequest", "result":"SYNC_SERVER_OK", "context":{"environment":"Prod_EastUS_000w", "migrationStage":"NotStarted", "server":"GENERAL0100000A"}}
{"logTime": "0920/184151", "correlationVector":"RoxQ58hi+daef+AOigo7Wl.2","action":"GetUpdates Response", "result":"Success", "context":Received 1 update(s). cV=RoxQ58hi+daef+AOigo7Wl.0;server=GENERAL0100000A;cloudType=Consumer;environment=Prod_EastUS_000w;migrationStage=NotStarted}
{"logTime": "0920/184151", "correlationVector":"xur5ej6wLdDYLLzqZXYMLS","action":"Normal GetUpdate request", "result":"", "context":cV=xur5ej6wLdDYLLzqZXYMLS
Nudged types: Device Info, User Consents, Encryption Keys
Refresh requested types: Bookmarks, Preferences, Passwords, Autofill Profiles, Autofill, Extensions, Extension settings, Device Info, User Consents, Send Tab To Self, Web Apps, Collection, Edge E Drop, Edge Hub App Usage, Edge Wallet, Encryption Keys}
{"logTime": "0920/184152", "correlationVector":"xur5ej6wLdDYLLzqZXYMLS.1","action":"SyncServerConnectionManagerRequest", "result":"SYNC_SERVER_OK", "context":{"environment":"Prod_EastUS2_000e", "migrationStage":"NotStarted", "server":"GENERAL01000006"}}
{"logTime": "0920/184152", "correlationVector":"xur5ej6wLdDYLLzqZXYMLS.2","action":"GetUpdates Response", "result":"Success", "context":Received 0 update(s). cV=xur5ej6wLdDYLLzqZXYMLS.0;server=GENERAL01000006;cloudType=Consumer;environment=Prod_EastUS2_000e;migrationStage=NotStarted}
{"logTime": "0920/184152", "correlationVector":"x7CeydyrTUUC6rtQEqjlzt","action":"Commit Request", "result":"", "context":Item count: 1
Contributing types: Encryption Keys}
{"logTime": "0920/184153", "correlationVector":"x7CeydyrTUUC6rtQEqjlzt.1","action":"SyncServerConnectionManagerRequest", "result":"SYNC_SERVER_OK", "context":{"environment":"Prod_EastUS_000w", "migrationStage":"NotStarted", "server":"GENERAL0200001Y"}}
{"logTime": "0920/184153", "correlationVector":"x7CeydyrTUUC6rtQEqjlzt.2","action":"Commit Response", "result":"Success", "context":Result: Success. cV=x7CeydyrTUUC6rtQEqjlzt.0;server=GENERAL0200001Y;cloudType=Consumer;environment=Prod_EastUS_000w;migrationStage=NotStarted}
{"logTime": "0920/184153", "correlationVector":"z3pJbYUCe2PSdcCajlbAK6","action":"Commit Request", "result":"", "context":Item count: 4
Contributing types: Preferences, Device Info, User Consents}
{"logTime": "0920/184154", "correlationVector":"z3pJbYUCe2PSdcCajlbAK6.1","action":"SyncServerConnectionManagerRequest", "result":"SYNC_SERVER_OK", "context":{"environment":"Prod_EastUS2_000e", "migrationStage":"NotStarted", "server":"GENERAL01000014"}}
{"logTime": "0920/184154", "correlationVector":"z3pJbYUCe2PSdcCajlbAK6.2","action":"Commit Response", "result":"Success", "context":Result: Success. cV=z3pJbYUCe2PSdcCajlbAK6.0;server=GENERAL01000014;cloudType=Consumer;environment=Prod_EastUS2_000e;migrationStage=NotStarted}
{"logTime": "0920/184154", "correlationVector":"A1EJA88FCFy6sxFy2GNjKJ","action":"Normal GetUpdate request", "result":"", "context":cV=A1EJA88FCFy6sxFy2GNjKJ
Nudged types: Preferences, Device Info}
{"logTime": "0920/184154", "correlationVector":"A1EJA88FCFy6sxFy2GNjKJ.1","action":"SyncServerConnectionManagerRequest", "result":"SYNC_SERVER_OK", "context":{"environment":"Prod_EastUS2_000e", "migrationStage":"NotStarted", "server":"GENERAL01000014"}}
{"logTime": "0920/184154", "correlationVector":"A1EJA88FCFy6sxFy2GNjKJ.2","action":"GetUpdates Response", "result":"Success", "context":Received 3 update(s). cV=A1EJA88FCFy6sxFy2GNjKJ.0;server=GENERAL01000014;cloudType=Consumer;environment=Prod_EastUS2_000e;migrationStage=NotStarted}
{"logTime": "0920/184154", "correlationVector":"MuzJ7HIjApE2FeEQ+5iv4Y","action":"DoCompareDataConsistency requsted types: ", "result":"Bookmarks, Preferences, Passwords, Extensions, Extension settings, Send Tab To Self, Web Apps, Collection, Edge E Drop, Edge Wallet, Encryption Keys"}
{"logTime": "0920/184154", "correlationVector":"MuzJ7HIjApE2FeEQ+5iv4Y.0","action":"CompareDataConsistency result: ", "result":"Compare result: Encryption Keys is consistent. local entities count is: 1 local entities hash is: UnOVDjdinNbSE/Y1bF38AszeaqM="}
{"logTime": "0920/184154", "correlationVector":"MuzJ7HIjApE2FeEQ+5iv4Y.1","action":"CompareDataConsistency result: ", "result":"Compare result: Bookmarks is consistent. local entities count is: 3 local entities hash is: +Ekhc73OD4Kd5kGzuP0nOdkIUYU="}
{"logTime": "0920/184154", "correlationVector":"MuzJ7HIjApE2FeEQ+5iv4Y.2","action":"CompareDataConsistency result: ", "result":"Compare result: Preferences is consistent. local entities count is: 22 local entities hash is: KKczqC7ZTJlEZy6EMoHPTHJN05s="}
{"logTime": "0920/184154", "correlationVector":"MuzJ7HIjApE2FeEQ+5iv4Y.3","action":"CompareDataConsistency result: ", "result":"Compare result: Extensions is consistent. local entities count is: 0 local entities hash is: "}
{"logTime": "0920/184154", "correlationVector":"MuzJ7HIjApE2FeEQ+5iv4Y.4","action":"CompareDataConsistency result: ", "result":"Compare result: Extension settings is consistent. local entities count is: 0 local entities hash is: "}
{"logTime": "0920/184154", "correlationVector":"MuzJ7HIjApE2FeEQ+5iv4Y.5","action":"CompareDataConsistency result: ", "result":"Server did not send this Send Tab To Self local entities count is: 0 local entities hash is: "}
{"logTime": "0920/184154", "correlationVector":"MuzJ7HIjApE2FeEQ+5iv4Y.6","action":"CompareDataConsistency result: ", "result":"Compare result: Web Apps is consistent. local entities count is: 0 local entities hash is: "}
{"logTime": "0920/184154", "correlationVector":"MuzJ7HIjApE2FeEQ+5iv4Y.7","action":"CompareDataConsistency result: ", "result":"Compare result: Collection is consistent. local entities count is: 0 local entities hash is: "}
{"logTime": "0920/184154", "correlationVector":"MuzJ7HIjApE2FeEQ+5iv4Y.8","action":"CompareDataConsistency result: ", "result":"Compare result: Edge E Drop is consistent. local entities count is: 0 local entities hash is: "}
{"logTime": "0920/184154", "correlationVector":"MuzJ7HIjApE2FeEQ+5iv4Y.9","action":"CompareDataConsistency result: ", "result":"Compare result: Edge Wallet is consistent. local entities count is: 0 local entities hash is: "}
{"logTime": "0920/184154", "correlationVector":"MuzJ7HIjApE2FeEQ+5iv4Y.10","action":"CompareDataConsistency result: ", "result":"Compare result: Passwords is consistent. local entities count is: 0 local entities hash is: "}
{"logTime": "0920/184154", "correlationVector":"","action":"DIAGNOSTIC_REQUEST|v1/diagnosticData/Diagnostic.SendCheckResult()|SUCCESS", "result":""}
{"logTime": "0920/184159", "correlationVector":"h1YdsWMwMUja1QriGJjPyT","action":"Commit Request", "result":"", "context":Item count: 1
Contributing types: Preferences}
{"logTime": "0920/184200", "correlationVector":"h1YdsWMwMUja1QriGJjPyT.1","action":"SyncServerConnectionManagerRequest", "result":"SYNC_SERVER_OK", "context":{"environment":"Prod_EastUS_000w", "migrationStage":"NotStarted", "server":"GENERAL1100000U"}}
{"logTime": "0920/184200", "correlationVector":"h1YdsWMwMUja1QriGJjPyT.2","action":"Commit Response", "result":"Success", "context":Result: Success. cV=h1YdsWMwMUja1QriGJjPyT.0;server=GENERAL1100000U;cloudType=Consumer;environment=Prod_EastUS_000w;migrationStage=NotStarted}
{"logTime": "0920/190416", "correlationVector":"xCQWRNcReqXO9MSAe7HF1r.1","action":"SyncServerConnectionManagerRequest", "result":"SYNC_SERVER_OK", "context":{"environment":"Prod_EastUS2_000e", "migrationStage":"NotStarted", "server":"GENERAL0100001N"}}
{"logTime": "0920/190416", "correlationVector":"FggmwMTGrPj6VOCfLKUSt6","action":"SyncServerConnectionManagerRequest", "result":"SYNC_SERVER_OK", "context":{"environment":"", "migrationStage":"", "server":""}}
{"logTime": "0920/190416", "correlationVector":"xCQWRNcReqXO9MSAe7HF1r","action":"Initial GetUpdates", "result":"", "context":Reason: NEW_CLIENT. cV=xCQWRNcReqXO9MSAe7HF1r}
{"logTime": "0920/190416", "correlationVector":"xCQWRNcReqXO9MSAe7HF1r.2","action":"GetUpdates Response", "result":"Success", "context":Received 1 update(s). cV=xCQWRNcReqXO9MSAe7HF1r.0;server=GENERAL0100001N;cloudType=Consumer;environment=Prod_EastUS2_000e;migrationStage=NotStarted}
{"logTime": "0920/190416", "correlationVector":"XXPC5V2wvfTe8NroESl20t","action":"Normal GetUpdate request", "result":"", "context":cV=XXPC5V2wvfTe8NroESl20t
Refresh requested types: Bookmarks, Preferences, Passwords, Autofill Profiles, Autofill, Extensions, Extension settings, Device Info, User Consents, Send Tab To Self, Web Apps, Collection, Edge E Drop, Edge Hub App Usage, Edge Wallet, Encryption Keys}
{"logTime": "0920/190417", "correlationVector":"XXPC5V2wvfTe8NroESl20t.1","action":"SyncServerConnectionManagerRequest", "result":"SYNC_SERVER_OK", "context":{"environment":"Prod_EastUS_000w", "migrationStage":"NotStarted", "server":"GENERAL11000002"}}
{"logTime": "0920/190417", "correlationVector":"XXPC5V2wvfTe8NroESl20t.2","action":"GetUpdates Response", "result":"Success", "context":Received 1 update(s). cV=XXPC5V2wvfTe8NroESl20t.0;server=GENERAL11000002;cloudType=Consumer;environment=Prod_EastUS_000w;migrationStage=NotStarted}
{"logTime": "0920/190417", "correlationVector":"m8qobqFj7uOCif0D5nDzlh","action":"DoCompareDataConsistency: ", "result":"has local changes and skip compare"}
{"logTime": "0920/190417", "correlationVector":"P8CudXhccdXQcVvlqD/z8b","action":"Commit Request", "result":"", "context":Item count: 2
Contributing types: Preferences}
{"logTime": "0920/190417", "correlationVector":"P8CudXhccdXQcVvlqD/z8b.1","action":"SyncServerConnectionManagerRequest", "result":"SYNC_SERVER_OK", "context":{"environment":"Prod_EastUS2_000e", "migrationStage":"NotStarted", "server":"GENERAL0100002K"}}
{"logTime": "0920/190417", "correlationVector":"P8CudXhccdXQcVvlqD/z8b.2","action":"Commit Response", "result":"Success", "context":Result: Success. cV=P8CudXhccdXQcVvlqD/z8b.0;server=GENERAL0100002K;cloudType=Consumer;environment=Prod_EastUS2_000e;migrationStage=NotStarted}
{"logTime": "0920/190419", "correlationVector":"6kT0OnYaHIW2+YAy/WfgUx","action":"Normal GetUpdate request", "result":"", "context":cV=6kT0OnYaHIW2+YAy/WfgUx
Nudged types: Preferences}
{"logTime": "0920/190420", "correlationVector":"6kT0OnYaHIW2+YAy/WfgUx.1","action":"SyncServerConnectionManagerRequest", "result":"SYNC_SERVER_OK", "context":{"environment":"Prod_EastUS_000w", "migrationStage":"NotStarted", "server":"GENERAL1100002F"}}
{"logTime": "0920/190420", "correlationVector":"6kT0OnYaHIW2+YAy/WfgUx.2","action":"GetUpdates Response", "result":"Success", "context":Received 2 update(s). cV=6kT0OnYaHIW2+YAy/WfgUx.0;server=GENERAL1100002F;cloudType=Consumer;environment=Prod_EastUS_000w;migrationStage=NotStarted}
{"logTime": "0920/191035", "correlationVector":"ZPmSyerFLxDwUVuJ2k67Nd.1","action":"SyncServerConnectionManagerRequest", "result":"SYNC_SERVER_OK", "context":{"environment":"Prod_EastUS2_000e", "migrationStage":"NotStarted", "server":"GENERAL0100002S"}}
{"logTime": "0920/191035", "correlationVector":"C9hQdK65gQnY7p/327SQIm","action":"SyncServerConnectionManagerRequest", "result":"SYNC_SERVER_OK", "context":{"environment":"", "migrationStage":"", "server":""}}
{"logTime": "0920/191035", "correlationVector":"ZPmSyerFLxDwUVuJ2k67Nd","action":"Initial GetUpdates", "result":"", "context":Reason: NEW_CLIENT. cV=ZPmSyerFLxDwUVuJ2k67Nd}
{"logTime": "0920/191035", "correlationVector":"ZPmSyerFLxDwUVuJ2k67Nd.2","action":"GetUpdates Response", "result":"Success", "context":Received 1 update(s). cV=ZPmSyerFLxDwUVuJ2k67Nd.0;server=GENERAL0100002S;cloudType=Consumer;environment=Prod_EastUS2_000e;migrationStage=NotStarted}
{"logTime": "0920/191035", "correlationVector":"K45TD291q/KajEQIUCwT/2","action":"Normal GetUpdate request", "result":"", "context":cV=K45TD291q/KajEQIUCwT/2
Refresh requested types: Bookmarks, Preferences, Passwords, Autofill Profiles, Autofill, Extensions, Extension settings, Device Info, User Consents, Send Tab To Self, Web Apps, Collection, Edge E Drop, Edge Hub App Usage, Edge Wallet, Encryption Keys}
{"logTime": "0920/191036", "correlationVector":"K45TD291q/KajEQIUCwT/2.1","action":"SyncServerConnectionManagerRequest", "result":"SYNC_SERVER_OK", "context":{"environment":"Prod_EastUS2_000e", "migrationStage":"NotStarted", "server":"GENERAL0100000N"}}
{"logTime": "0920/191036", "correlationVector":"K45TD291q/KajEQIUCwT/2.2","action":"GetUpdates Response", "result":"Success", "context":Received 0 update(s). cV=K45TD291q/KajEQIUCwT/2.0;server=GENERAL0100000N;cloudType=Consumer;environment=Prod_EastUS2_000e;migrationStage=NotStarted}
{"logTime": "0920/191334", "correlationVector":"QgmbEa5iQkEFNhpFOtU78s.1","action":"SyncServerConnectionManagerRequest", "result":"SYNC_SERVER_OK", "context":{"environment":"Prod_EastUS_000w", "migrationStage":"NotStarted", "server":"GENERAL1100002O"}}
{"logTime": "0920/191334", "correlationVector":"vRKAa0t+Zg/wICxSqmE5fR","action":"SyncServerConnectionManagerRequest", "result":"SYNC_SERVER_OK", "context":{"environment":"", "migrationStage":"", "server":""}}
{"logTime": "0920/191334", "correlationVector":"QgmbEa5iQkEFNhpFOtU78s","action":"Initial GetUpdates", "result":"", "context":Reason: NEW_CLIENT. cV=QgmbEa5iQkEFNhpFOtU78s}
{"logTime": "0920/191334", "correlationVector":"QgmbEa5iQkEFNhpFOtU78s.2","action":"GetUpdates Response", "result":"Success", "context":Received 1 update(s). cV=QgmbEa5iQkEFNhpFOtU78s.0;server=GENERAL1100002O;cloudType=Consumer;environment=Prod_EastUS_000w;migrationStage=NotStarted}
{"logTime": "0920/191334", "correlationVector":"ckfB+76FxBR3adOuGjEkZV","action":"Normal GetUpdate request", "result":"", "context":cV=ckfB+76FxBR3adOuGjEkZV
Refresh requested types: Bookmarks, Preferences, Passwords, Autofill Profiles, Autofill, Extensions, Extension settings, Device Info, User Consents, Send Tab To Self, Web Apps, Collection, Edge E Drop, Edge Hub App Usage, Edge Wallet, Encryption Keys}
{"logTime": "0920/191334", "correlationVector":"ckfB+76FxBR3adOuGjEkZV.1","action":"SyncServerConnectionManagerRequest", "result":"SYNC_SERVER_OK", "context":{"environment":"Prod_EastUS_000w", "migrationStage":"NotStarted", "server":"GENERAL0200004B"}}
{"logTime": "0920/191334", "correlationVector":"ckfB+76FxBR3adOuGjEkZV.2","action":"GetUpdates Response", "result":"Success", "context":Received 0 update(s). cV=ckfB+76FxBR3adOuGjEkZV.0;server=GENERAL0200004B;cloudType=Consumer;environment=Prod_EastUS_000w;migrationStage=NotStarted}
{"logTime": "0920/191337", "correlationVector":"f9Vg9Acu/xtIJ34FbxXA8j","action":"Normal GetUpdate request", "result":"", "context":cV=f9Vg9Acu/xtIJ34FbxXA8j
Nudged types: Passwords}
{"logTime": "0920/191338", "correlationVector":"f9Vg9Acu/xtIJ34FbxXA8j.1","action":"SyncServerConnectionManagerRequest", "result":"SYNC_SERVER_OK", "context":{"environment":"Prod_EastUS_000w", "migrationStage":"NotStarted", "server":"GENERAL0200004B"}}
{"logTime": "0920/191338", "correlationVector":"f9Vg9Acu/xtIJ34FbxXA8j.2","action":"GetUpdates Response", "result":"Success", "context":Received 0 update(s). cV=f9Vg9Acu/xtIJ34FbxXA8j.0;server=GENERAL0200004B;cloudType=Consumer;environment=Prod_EastUS_000w;migrationStage=NotStarted}
{"logTime": "0920/191338", "correlationVector":"e1lwPLagFQS1Zk+wo60jBT","action":"Commit Request", "result":"", "context":Item count: 1
Contributing types: Passwords}
{"logTime": "0920/191339", "correlationVector":"e1lwPLagFQS1Zk+wo60jBT.1","action":"SyncServerConnectionManagerRequest", "result":"SYNC_SERVER_OK", "context":{"environment":"Prod_EastUS2_000e", "migrationStage":"NotStarted", "server":"GENERAL01000019"}}
{"logTime": "0920/191339", "correlationVector":"e1lwPLagFQS1Zk+wo60jBT.2","action":"Commit Response", "result":"Success", "context":Result: Success. cV=e1lwPLagFQS1Zk+wo60jBT.0;server=GENERAL01000019;cloudType=Consumer;environment=Prod_EastUS2_000e;migrationStage=NotStarted}
